生成启动时间为 2021/2/14 19:53:02。
     1>项目“D:\win32Code\第一个窗口\Project1\Project1.vcxproj”在节点 2 上(Build 个目标)。
     1>ClCompile:
         D:\VS2013\VS2013\VC\bin\CL.exe /c /ZI /nologo /W3 /WX- /sdl- /Od /Oy- /D _UNICODE /D UNICODE /Gm /EHsc /RTC1 /MDd /GS /fp:precise /Zc:wchar_t /Zc:forScope /Fo"Debug\\" /Fd"Debug\vc120.pdb" /Gd /TP /analyze- /errorReport:prompt win32.cpp
         win32.cpp
     1>d:\win32code\第一个窗口\project1\win32.cpp(64): warning C4996: 'wcscat': This function or variable may be unsafe. Consider using wcscat_s instead. To disable deprecation, use _CRT_SECURE_NO_WARNINGS. See online help for details.
                 d:\vs2013\vs2013\vc\include\string.h(284) : 参见“wcscat”的声明
     1>d:\win32code\第一个窗口\project1\win32.cpp(68): warning C4996: 'wcscat': This function or variable may be unsafe. Consider using wcscat_s instead. To disable deprecation, use _CRT_SECURE_NO_WARNINGS. See online help for details.
                 d:\vs2013\vs2013\vc\include\string.h(284) : 参见“wcscat”的声明
     1>d:\win32code\第一个窗口\project1\win32.cpp(72): warning C4996: 'wcscat': This function or variable may be unsafe. Consider using wcscat_s instead. To disable deprecation, use _CRT_SECURE_NO_WARNINGS. See online help for details.
                 d:\vs2013\vs2013\vc\include\string.h(284) : 参见“wcscat”的声明
     1>d:\win32code\第一个窗口\project1\win32.cpp(76): warning C4996: 'wcscat': This function or variable may be unsafe. Consider using wcscat_s instead. To disable deprecation, use _CRT_SECURE_NO_WARNINGS. See online help for details.
                 d:\vs2013\vs2013\vc\include\string.h(284) : 参见“wcscat”的声明
     1>d:\win32code\第一个窗口\project1\win32.cpp(88): warning C4996: 'wcscat': This function or variable may be unsafe. Consider using wcscat_s instead. To disable deprecation, use _CRT_SECURE_NO_WARNINGS. See online help for details.
                 d:\vs2013\vs2013\vc\include\string.h(284) : 参见“wcscat”的声明
     1>d:\win32code\第一个窗口\project1\win32.cpp(92): warning C4996: 'wcscat': This function or variable may be unsafe. Consider using wcscat_s instead. To disable deprecation, use _CRT_SECURE_NO_WARNINGS. See online help for details.
                 d:\vs2013\vs2013\vc\include\string.h(284) : 参见“wcscat”的声明
     1>d:\win32code\第一个窗口\project1\win32.cpp(96): warning C4996: 'wcscat': This function or variable may be unsafe. Consider using wcscat_s instead. To disable deprecation, use _CRT_SECURE_NO_WARNINGS. See online help for details.
                 d:\vs2013\vs2013\vc\include\string.h(284) : 参见“wcscat”的声明
     1>d:\win32code\第一个窗口\project1\win32.cpp(100): warning C4996: 'wcscat': This function or variable may be unsafe. Consider using wcscat_s instead. To disable deprecation, use _CRT_SECURE_NO_WARNINGS. See online help for details.
                 d:\vs2013\vs2013\vc\include\string.h(284) : 参见“wcscat”的声明
     1>d:\win32code\第一个窗口\project1\win32.cpp(170): warning C4996: 'localtime': This function or variable may be unsafe. Consider using localtime_s instead. To disable deprecation, use _CRT_SECURE_NO_WARNINGS. See online help for details.
                 d:\vs2013\vs2013\vc\include\time.inl(112) : 参见“localtime”的声明
       Link:
         D:\VS2013\VS2013\VC\bin\link.exe /ERRORREPORT:PROMPT /OUT:"D:\win32Code\第一个窗口\Debug\Project1.exe" /INCREMENTAL /NOLOGO kernel32.lib user32.lib gdi32.lib winspool.lib comdlg32.lib advapi32.lib shell32.lib ole32.lib oleaut32.lib uuid.lib odbc32.lib odbccp32.lib /MANIFEST /MANIFESTUAC:"level='asInvoker' uiAccess='false'" /manifest:embed /DEBUG /PDB:"D:\win32Code\第一个窗口\Debug\Project1.pdb" /TLBID:1 /DYNAMICBASE /NXCOMPAT /IMPLIB:"D:\win32Code\第一个窗口\Debug\Project1.lib" /MACHINE:X86 Debug\Project12.res
         Debug\win32.obj
         Project1.vcxproj -> D:\win32Code\第一个窗口\Debug\Project1.exe
     1>已完成生成项目“D:\win32Code\第一个窗口\Project1\Project1.vcxproj”(Build 个目标)的操作。

生成成功。

已用时间 00:00:01.01
